This is pdfTeX, Version 3.1415926-2.5-1.40.14 (TeX Live 2013/Debian) (format=pdflatex 2014.11.19)  6 MAY 2015 18:23
entering extended mode
 restricted \write18 enabled.
 %&-line parsing enabled.
**thesis.tex
(./thesis.tex
LaTeX2e <2011/06/27>
Babel <3.9h> and hyphenation patterns for 2 languages loaded.
(/usr/share/texlive/texmf-dist/tex/latex/base/report.cls
Document Class: report 2007/10/19 v1.4h Standard LaTeX document class
(/usr/share/texlive/texmf-dist/tex/latex/base/size12.clo
File: size12.clo 2007/10/19 v1.4h Standard LaTeX file (size option)
)
\c@part=\count79
\c@chapter=\count80
\c@section=\count81
\c@subsection=\count82
\c@subsubsection=\count83
\c@paragraph=\count84
\c@subparagraph=\count85
\c@figure=\count86
\c@table=\count87
\abovecaptionskip=\skip41
\belowcaptionskip=\skip42
\bibindent=\dimen102
)
(/usr/share/texlive/texmf-dist/tex/latex/geometry/geometry.sty
Package: geometry 2010/09/12 v5.6 Page Geometry

(/usr/share/texlive/texmf-dist/tex/latex/graphics/keyval.sty
Package: keyval 1999/03/16 v1.13 key=value parser (DPC)
\KV@toks@=\toks14
)
(/usr/share/texlive/texmf-dist/tex/generic/oberdiek/ifpdf.sty
Package: ifpdf 2011/01/30 v2.3 Provides the ifpdf switch (HO)
Package ifpdf Info: pdfTeX in PDF mode is detected.
)
(/usr/share/texlive/texmf-dist/tex/generic/oberdiek/ifvtex.sty
Package: ifvtex 2010/03/01 v1.5 Detect VTeX and its facilities (HO)
Package ifvtex Info: VTeX not detected.
)
(/usr/share/texlive/texmf-dist/tex/generic/ifxetex/ifxetex.sty
Package: ifxetex 2010/09/12 v0.6 Provides ifxetex conditional
)
\Gm@cnth=\count88
\Gm@cntv=\count89
\c@Gm@tempcnt=\count90
\Gm@bindingoffset=\dimen103
\Gm@wd@mp=\dimen104
\Gm@odd@mp=\dimen105
\Gm@even@mp=\dimen106
\Gm@layoutwidth=\dimen107
\Gm@layoutheight=\dimen108
\Gm@layouthoffset=\dimen109
\Gm@layoutvoffset=\dimen110
\Gm@dimlist=\toks15
)
(/usr/share/texlive/texmf-dist/tex/latex/graphics/graphicx.sty
Package: graphicx 1999/02/16 v1.0f Enhanced LaTeX Graphics (DPC,SPQR)

(/usr/share/texlive/texmf-dist/tex/latex/graphics/graphics.sty
Package: graphics 2009/02/05 v1.0o Standard LaTeX Graphics (DPC,SPQR)

(/usr/share/texlive/texmf-dist/tex/latex/graphics/trig.sty
Package: trig 1999/03/16 v1.09 sin cos tan (DPC)
)
(/usr/share/texlive/texmf-dist/tex/latex/latexconfig/graphics.cfg
File: graphics.cfg 2010/04/23 v1.9 graphics configuration of TeX Live
)
Package graphics Info: Driver file: pdftex.def on input line 91.

(/usr/share/texlive/texmf-dist/tex/latex/pdftex-def/pdftex.def
File: pdftex.def 2011/05/27 v0.06d Graphics/color for pdfTeX

(/usr/share/texlive/texmf-dist/tex/generic/oberdiek/infwarerr.sty
Package: infwarerr 2010/04/08 v1.3 Providing info/warning/error messages (HO)
)
(/usr/share/texlive/texmf-dist/tex/generic/oberdiek/ltxcmds.sty
Package: ltxcmds 2011/11/09 v1.22 LaTeX kernel commands for general use (HO)
)
\Gread@gobject=\count91
))
\Gin@req@height=\dimen111
\Gin@req@width=\dimen112
)
(/usr/share/texlive/texmf-dist/tex/latex/amsmath/amsmath.sty
Package: amsmath 2013/01/14 v2.14 AMS math features
\@mathmargin=\skip43

For additional information on amsmath, use the `?' option.
(/usr/share/texlive/texmf-dist/tex/latex/amsmath/amstext.sty
Package: amstext 2000/06/29 v2.01

(/usr/share/texlive/texmf-dist/tex/latex/amsmath/amsgen.sty
File: amsgen.sty 1999/11/30 v2.0
\@emptytoks=\toks16
\ex@=\dimen113
))
(/usr/share/texlive/texmf-dist/tex/latex/amsmath/amsbsy.sty
Package: amsbsy 1999/11/29 v1.2d
\pmbraise@=\dimen114
)
(/usr/share/texlive/texmf-dist/tex/latex/amsmath/amsopn.sty
Package: amsopn 1999/12/14 v2.01 operator names
)
\inf@bad=\count92
LaTeX Info: Redefining \frac on input line 210.
\uproot@=\count93
\leftroot@=\count94
LaTeX Info: Redefining \overline on input line 306.
\classnum@=\count95
\DOTSCASE@=\count96
LaTeX Info: Redefining \ldots on input line 378.
LaTeX Info: Redefining \dots on input line 381.
LaTeX Info: Redefining \cdots on input line 466.
\Mathstrutbox@=\box26
\strutbox@=\box27
\big@size=\dimen115
LaTeX Font Info:    Redeclaring font encoding OML on input line 566.
LaTeX Font Info:    Redeclaring font encoding OMS on input line 567.
\macc@depth=\count97
\c@MaxMatrixCols=\count98
\dotsspace@=\muskip10
\c@parentequation=\count99
\dspbrk@lvl=\count100
\tag@help=\toks17
\row@=\count101
\column@=\count102
\maxfields@=\count103
\andhelp@=\toks18
\eqnshift@=\dimen116
\alignsep@=\dimen117
\tagshift@=\dimen118
\tagwidth@=\dimen119
\totwidth@=\dimen120
\lineht@=\dimen121
\@envbody=\toks19
\multlinegap=\skip44
\multlinetaggap=\skip45
\mathdisplay@stack=\toks20
LaTeX Info: Redefining \[ on input line 2665.
LaTeX Info: Redefining \] on input line 2666.
)
(/usr/share/texlive/texmf-dist/tex/latex/amsfonts/amsfonts.sty
Package: amsfonts 2013/01/14 v3.01 Basic AMSFonts support
\symAMSa=\mathgroup4
\symAMSb=\mathgroup5
LaTeX Font Info:    Overwriting math alphabet `\mathfrak' in version `bold'
(Font)                  U/euf/m/n --> U/euf/b/n on input line 106.
)
(/usr/share/texlive/texmf-dist/tex/latex/amscls/amsthm.sty
Package: amsthm 2004/08/06 v2.20
\thm@style=\toks21
\thm@bodyfont=\toks22
\thm@headfont=\toks23
\thm@notefont=\toks24
\thm@headpunct=\toks25
\thm@preskip=\skip46
\thm@postskip=\skip47
\thm@headsep=\skip48
\dth@everypar=\toks26
)
(/usr/share/texlive/texmf-dist/tex/latex/import/import.sty
Package: import 2009/03/23  v 5.1
)
(/usr/share/texlive/texmf-dist/tex/latex/url/url.sty
\Urlmuskip=\muskip11
Package: url 2013/09/16  ver 3.4  Verb mode for urls, etc.
)
(/usr/share/texlive/texmf-dist/tex/latex/natbib/natbib.sty
Package: natbib 2010/09/13 8.31b (PWD, AO)
\bibhang=\skip49
\bibsep=\skip50
LaTeX Info: Redefining \cite on input line 694.
\c@NAT@ctr=\count104
)
(/usr/share/texlive/texmf-dist/tex/latex/cite/chapterbib.sty
\c@inputfile=\count105
Package: chapterbib 2010/09/18  v 1.17
)
(/usr/share/texlive/texmf-dist/tex/latex/amsfonts/amssymb.sty
Package: amssymb 2013/01/14 v3.01 AMS font symbols
)
(/usr/share/texlive/texmf-dist/tex/latex/hyperref/hyperref.sty
Package: hyperref 2012/11/06 v6.83m Hypertext links for LaTeX

(/usr/share/texlive/texmf-dist/tex/generic/oberdiek/hobsub-hyperref.sty
Package: hobsub-hyperref 2012/05/28 v1.13 Bundle oberdiek, subset hyperref (HO)


(/usr/share/texlive/texmf-dist/tex/generic/oberdiek/hobsub-generic.sty
Package: hobsub-generic 2012/05/28 v1.13 Bundle oberdiek, subset generic (HO)
Package: hobsub 2012/05/28 v1.13 Construct package bundles (HO)
Package hobsub Info: Skipping package `infwarerr' (already loaded).
Package hobsub Info: Skipping package `ltxcmds' (already loaded).
Package: ifluatex 2010/03/01 v1.3 Provides the ifluatex switch (HO)
Package ifluatex Info: LuaTeX not detected.
Package hobsub Info: Skipping package `ifvtex' (already loaded).
Package: intcalc 2007/09/27 v1.1 Expandable calculations with integers (HO)
Package hobsub Info: Skipping package `ifpdf' (already loaded).
Package: etexcmds 2011/02/16 v1.5 Avoid name clashes with e-TeX commands (HO)
Package etexcmds Info: Could not find \expanded.
(etexcmds)             That can mean that you are not using pdfTeX 1.50 or
(etexcmds)             that some package has redefined \expanded.
(etexcmds)             In the latter case, load this package earlier.
Package: kvsetkeys 2012/04/25 v1.16 Key value parser (HO)
Package: kvdefinekeys 2011/04/07 v1.3 Define keys (HO)
Package: pdftexcmds 2011/11/29 v0.20 Utility functions of pdfTeX for LuaTeX (HO
)
Package pdftexcmds Info: LuaTeX not detected.
Package pdftexcmds Info: \pdf@primitive is available.
Package pdftexcmds Info: \pdf@ifprimitive is available.
Package pdftexcmds Info: \pdfdraftmode found.
Package: pdfescape 2011/11/25 v1.13 Implements pdfTeX's escape features (HO)
Package: bigintcalc 2012/04/08 v1.3 Expandable calculations on big integers (HO
)
Package: bitset 2011/01/30 v1.1 Handle bit-vector datatype (HO)
Package: uniquecounter 2011/01/30 v1.2 Provide unlimited unique counter (HO)
)
Package hobsub Info: Skipping package `hobsub' (already loaded).
Package: letltxmacro 2010/09/02 v1.4 Let assignment for LaTeX macros (HO)
Package: hopatch 2012/05/28 v1.2 Wrapper for package hooks (HO)
Package: xcolor-patch 2011/01/30 xcolor patch
Package: atveryend 2011/06/30 v1.8 Hooks at the very end of document (HO)
Package atveryend Info: \enddocument detected (standard20110627).
Package: atbegshi 2011/10/05 v1.16 At begin shipout hook (HO)
Package: refcount 2011/10/16 v3.4 Data extraction from label references (HO)
Package: hycolor 2011/01/30 v1.7 Color options for hyperref/bookmark (HO)
)
(/usr/share/texlive/texmf-dist/tex/latex/oberdiek/auxhook.sty
Package: auxhook 2011/03/04 v1.3 Hooks for auxiliary files (HO)
)
(/usr/share/texlive/texmf-dist/tex/latex/oberdiek/kvoptions.sty
Package: kvoptions 2011/06/30 v3.11 Key value format for package options (HO)
)
\@linkdim=\dimen122
\Hy@linkcounter=\count106
\Hy@pagecounter=\count107

(/usr/share/texlive/texmf-dist/tex/latex/hyperref/pd1enc.def
File: pd1enc.def 2012/11/06 v6.83m Hyperref: PDFDocEncoding definition (HO)
)
\Hy@SavedSpaceFactor=\count108

(/usr/share/texlive/texmf-dist/tex/latex/latexconfig/hyperref.cfg
File: hyperref.cfg 2002/06/06 v1.2 hyperref configuration of TeXLive
)
Package hyperref Info: Hyper figures OFF on input line 4443.
Package hyperref Info: Link nesting OFF on input line 4448.
Package hyperref Info: Hyper index ON on input line 4451.
Package hyperref Info: Plain pages OFF on input line 4458.
Package hyperref Info: Backreferencing OFF on input line 4463.
Package hyperref Info: Implicit mode ON; LaTeX internals redefined.
Package hyperref Info: Bookmarks ON on input line 4688.
\c@Hy@tempcnt=\count109
LaTeX Info: Redefining \url on input line 5041.
\XeTeXLinkMargin=\dimen123
\Fld@menulength=\count110
\Field@Width=\dimen124
\Fld@charsize=\dimen125
Package hyperref Info: Hyper figures OFF on input line 6295.
Package hyperref Info: Link nesting OFF on input line 6300.
Package hyperref Info: Hyper index ON on input line 6303.
Package hyperref Info: backreferencing OFF on input line 6310.
Package hyperref Info: Link coloring OFF on input line 6315.
Package hyperref Info: Link coloring with OCG OFF on input line 6320.
Package hyperref Info: PDF/A mode OFF on input line 6325.
LaTeX Info: Redefining \ref on input line 6365.
LaTeX Info: Redefining \pageref on input line 6369.
\Hy@abspage=\count111
\c@Item=\count112
\c@Hfootnote=\count113
)

Package hyperref Message: Driver (autodetected): hpdftex.

(/usr/share/texlive/texmf-dist/tex/latex/hyperref/hpdftex.def
File: hpdftex.def 2012/11/06 v6.83m Hyperref driver for pdfTeX
\Fld@listcount=\count114
\c@bookmark@seq@number=\count115

(/usr/share/texlive/texmf-dist/tex/latex/oberdiek/rerunfilecheck.sty
Package: rerunfilecheck 2011/04/15 v1.7 Rerun checks for auxiliary files (HO)
Package uniquecounter Info: New unique counter `rerunfilecheck' on input line 2
82.
)
\Hy@SectionHShift=\skip51
)
(/usr/share/texlive/texmf-dist/tex/latex/graphics/color.sty
Package: color 2005/11/14 v1.0j Standard LaTeX Color (DPC)

(/usr/share/texlive/texmf-dist/tex/latex/latexconfig/color.cfg
File: color.cfg 2007/01/18 v1.5 color configuration of teTeX/TeXLive
)
Package color Info: Driver file: pdftex.def on input line 130.
)
(/usr/share/texlive/texmf-dist/tex/latex/listings/listings.sty
\lst@mode=\count116
\lst@gtempboxa=\box28
\lst@token=\toks27
\lst@length=\count117
\lst@currlwidth=\dimen126
\lst@column=\count118
\lst@pos=\count119
\lst@lostspace=\dimen127
\lst@width=\dimen128
\lst@newlines=\count120
\lst@lineno=\count121
\lst@maxwidth=\dimen129

(/usr/share/texlive/texmf-dist/tex/latex/listings/lstmisc.sty
File: lstmisc.sty 2013/08/26 1.5b (Carsten Heinz)
\c@lstnumber=\count122
\lst@skipnumbers=\count123
\lst@framebox=\box29
)
(/usr/share/texlive/texmf-dist/tex/latex/listings/listings.cfg
File: listings.cfg 2013/08/26 1.5b listings configuration
))
Package: listings 2013/08/26 1.5b (Carsten Heinz)

(/usr/share/texlive/texmf-dist/tex/latex/multirow/multirow.sty
\bigstrutjot=\dimen130
)
(/usr/share/texlive/texmf-dist/tex/latex/parskip/parskip.sty
Package: parskip 2001/04/09 non-zero parskip adjustments
)
(/usr/share/texlive/texmf-dist/tex/latex/subfigure/subfigure.sty
Package: subfigure 2002/03/15 v2.1.5 subfigure package
\subfigtopskip=\skip52
\subfigcapskip=\skip53
\subfigcaptopadj=\dimen131
\subfigbottomskip=\skip54
\subfigcapmargin=\dimen132
\subfiglabelskip=\skip55
\c@subfigure=\count124
\c@lofdepth=\count125
\c@subtable=\count126
\c@lotdepth=\count127

****************************************
* Local config file subfigure.cfg used *
****************************************
(/usr/share/texlive/texmf-dist/tex/latex/subfigure/subfigure.cfg)
\subfig@top=\skip56
\subfig@bottom=\skip57
)
(/usr/share/texlive/texmf-dist/tex/latex/listings/lstlang1.sty
File: lstlang1.sty 2013/08/26 1.5b listings language file
) (./thesis.aux

LaTeX Warning: Label `eq:conditional_and' multiply defined.


LaTeX Warning: Label `eq:Eprod' multiply defined.


LaTeX Warning: Label `eq:Eprod' multiply defined.


LaTeX Warning: Label `eq:conditional' multiply defined.


LaTeX Warning: Label `eq:nprot' multiply defined.


LaTeX Warning: Label `eq:size_linear' multiply defined.


LaTeX Warning: Label `fig:gamma_poisson_oligomers' multiply defined.

)
\openout1 = `thesis.aux'.

LaTeX Font Info:    Checking defaults for OML/cmm/m/it on input line 68.
LaTeX Font Info:    ... okay on input line 68.
LaTeX Font Info:    Checking defaults for T1/cmr/m/n on input line 68.
LaTeX Font Info:    ... okay on input line 68.
LaTeX Font Info:    Checking defaults for OT1/cmr/m/n on input line 68.
LaTeX Font Info:    ... okay on input line 68.
LaTeX Font Info:    Checking defaults for OMS/cmsy/m/n on input line 68.
LaTeX Font Info:    ... okay on input line 68.
LaTeX Font Info:    Checking defaults for OMX/cmex/m/n on input line 68.
LaTeX Font Info:    ... okay on input line 68.
LaTeX Font Info:    Checking defaults for U/cmr/m/n on input line 68.
LaTeX Font Info:    ... okay on input line 68.
LaTeX Font Info:    Checking defaults for PD1/pdf/m/n on input line 68.
LaTeX Font Info:    ... okay on input line 68.

*geometry* driver: auto-detecting
*geometry* detected driver: pdftex
*geometry* verbose mode - [ preamble ] result:
* driver: pdftex
* paper: <default>
* layout: <same size as paper>
* layoutoffset:(h,v)=(0.0pt,0.0pt)
* modes: 
* h-part:(L,W,R)=(72.26999pt, 469.75502pt, 72.26999pt)
* v-part:(T,H,B)=(72.26999pt, 650.43001pt, 72.26999pt)
* \paperwidth=614.295pt
* \paperheight=794.96999pt
* \textwidth=469.75502pt
* \textheight=650.43001pt
* \oddsidemargin=0.0pt
* \evensidemargin=0.0pt
* \topmargin=-37.0pt
* \headheight=12.0pt
* \headsep=25.0pt
* \topskip=12.0pt
* \footskip=30.0pt
* \marginparwidth=44.0pt
* \marginparsep=10.0pt
* \columnsep=10.0pt
* \skip\footins=10.8pt plus 4.0pt minus 2.0pt
* \hoffset=0.0pt
* \voffset=0.0pt
* \mag=1000
* \@twocolumnfalse
* \@twosidefalse
* \@mparswitchfalse
* \@reversemarginfalse
* (1in=72.27pt=25.4mm, 1cm=28.453pt)

(/usr/share/texlive/texmf-dist/tex/context/base/supp-pdf.mkii
[Loading MPS to PDF converter (version 2006.09.02).]
\scratchcounter=\count128
\scratchdimen=\dimen133
\scratchbox=\box30
\nofMPsegments=\count129
\nofMParguments=\count130
\everyMPshowfont=\toks28
\MPscratchCnt=\count131
\MPscratchDim=\dimen134
\MPnumerator=\count132
\makeMPintoPDFobject=\count133
\everyMPtoPDFconversion=\toks29
) (/usr/share/texlive/texmf-dist/tex/latex/oberdiek/epstopdf-base.sty
Package: epstopdf-base 2010/02/09 v2.5 Base part for package epstopdf

(/usr/share/texlive/texmf-dist/tex/latex/oberdiek/grfext.sty
Package: grfext 2010/08/19 v1.1 Manage graphics extensions (HO)
)
Package grfext Info: Graphics extension search list:
(grfext)             [.png,.pdf,.jpg,.mps,.jpeg,.jbig2,.jb2,.PNG,.PDF,.JPG,.JPE
G,.JBIG2,.JB2,.eps]
(grfext)             \AppendGraphicsExtensions on input line 452.

(/usr/share/texlive/texmf-dist/tex/latex/latexconfig/epstopdf-sys.cfg
File: epstopdf-sys.cfg 2010/07/13 v1.3 Configuration of (r)epstopdf for TeX Liv
e
))
\AtBeginShipoutBox=\box31
Package hyperref Info: Link coloring OFF on input line 68.

(/usr/share/texlive/texmf-dist/tex/latex/hyperref/nameref.sty
Package: nameref 2012/10/27 v2.43 Cross-referencing by name of section

(/usr/share/texlive/texmf-dist/tex/generic/oberdiek/gettitlestring.sty
Package: gettitlestring 2010/12/03 v1.4 Cleanup title references (HO)
)
\c@section@level=\count134
)
LaTeX Info: Redefining \ref on input line 68.
LaTeX Info: Redefining \pageref on input line 68.
LaTeX Info: Redefining \nameref on input line 68.

(./thesis.out) (./thesis.out)
\@outlinefile=\write3
\openout3 = `thesis.out'.

\c@lstlisting=\count135
LaTeX Font Info:    Try loading font information for U+msa on input line 79.

(/usr/share/texlive/texmf-dist/tex/latex/amsfonts/umsa.fd
File: umsa.fd 2013/01/14 v3.01 AMS symbols A
)
LaTeX Font Info:    Try loading font information for U+msb on input line 79.

(/usr/share/texlive/texmf-dist/tex/latex/amsfonts/umsb.fd
File: umsb.fd 2013/01/14 v3.01 AMS symbols B
) [1

{/var/lib/texmf/fonts/map/pdftex/updmap/pdftex.map}]pdfTeX warning (ext4): dest
ination with the same identifier (name{page.1}) has been already used, duplicat
e ignored
<to be read again> 
                   \relax 
l.82 \end{abstract}
                    [1] (./thesis.tocpdfTeX warning (ext4): destination with th
e same identifier (name{page.1}) has been already used, duplicate ignored
<to be read again> 
                   \relax 
l.50 ...ction and Denoising}{44}{subsection.2.4.3}
                                                   [1

]
Overfull \hbox (11.37268pt too wide) in paragraph at lines 71--71
 [] [][]\OT1/cmr/bx/n/12 Bayesian In-fer-ence of In-tramolec-u-lar Dis-tances U
s-ing Sin-gle Molecule FRET[] []  
 []

[2] [3])
\tf@toc=\write4
\openout4 = `thesis.toc'.


(/home/rebecca/Documents/repos/thesis/introduction/acknowledgements.tex
[4]
Underfull \hbox (badness 10000) in paragraph at lines 11--12

 []

[5

] [6]) (/home/rebecca/Documents/repos/thesis/introduction/overview.tex
[7]) (/home/rebecca/Documents/repos/thesis/introduction/intro.tex [8

]
Chapter 1.
[9

] <introduction/jablonski.pdf, id=614, 777.65378pt x 544.10687pt>
File: introduction/jablonski.pdf Graphic file (type pdf)

<use introduction/jablonski.pdf>
Package pdftex.def Info: introduction/jablonski.pdf used on input line 17.
(pdftex.def)             Requested size: 433.62pt x 303.40259pt.

<introduction/QuantaRed-Spectra.jpg, id=618, 263.48438pt x 186.6975pt>
File: introduction/QuantaRed-Spectra.jpg Graphic file (type jpg)

<use introduction/QuantaRed-Spectra.jpg>
Package pdftex.def Info: introduction/QuantaRed-Spectra.jpg used on input line 
25.
(pdftex.def)             Requested size: 216.81pt x 153.63135pt.
 [10] [11 <./introduction/jablonski.pdf>] [12 <./introduction/QuantaRed-Spectra
.jpg>] [13] [14] [15] [16]
<introduction/epi.pdf, id=731, 404.70187pt x 572.1492pt>
File: introduction/epi.pdf Graphic file (type pdf)

<use introduction/epi.pdf>
Package pdftex.def Info: introduction/epi.pdf used on input line 196.
(pdftex.def)             Requested size: 144.54pt x 204.34972pt.
 [17 <./introduction/epi.pdf>]
Overfull \hbox (20.86455pt too wide) in paragraph at lines 205--206
 []\OT1/cmr/bx/n/12 Total In-ter-nal Flu-o-res-cence Mi-croscopy[] \OT1/cmr/m/n
/12 To-tal In-ter-nal Flu-o-res-cence Mi-croscopy (TIRFM)
 []

<introduction/tirf.pdf, id=766, 1275.74223pt x 607.27493pt>
File: introduction/tirf.pdf Graphic file (type pdf)

<use introduction/tirf.pdf>
Package pdftex.def Info: introduction/tirf.pdf used on input line 209.
(pdftex.def)             Requested size: 433.62pt x 206.40587pt.
 [18 <./introduction/tirf.pdf>]
<introduction/confocal.pdf, id=811, 416.0553pt x 554.0673pt>
File: introduction/confocal.pdf Graphic file (type pdf)

<use introduction/confocal.pdf>
Package pdftex.def Info: introduction/confocal.pdf used on input line 233.
(pdftex.def)             Requested size: 289.07999pt x 384.9869pt.

Overfull \hbox (18.38675pt too wide) in paragraph at lines 240--241
 []\OT1/cmr/bx/n/12 Fluorescence Cor-re-la-tion Spec-troscopy[] \OT1/cmr/m/n/12
 Flu-o-res-cence Cor-re-la-tion Spec-troscopy (FCS) [[]]
 []

[19] [20 <./introduction/confocal.pdf>] [21]
<introduction/dyes.pdf, id=874, 1075.61847pt x 595.023pt>
File: introduction/dyes.pdf Graphic file (type pdf)

<use introduction/dyes.pdf>
Package pdftex.def Info: introduction/dyes.pdf used on input line 269.
(pdftex.def)             Requested size: 361.34999pt x 199.89912pt.
 [22] [23 <./introduction/dyes.pdf>]
<introduction/FRET_AND_zero.pdf, id=907, 552.73242pt x 217.3122pt>
File: introduction/FRET_AND_zero.pdf Graphic file (type pdf)

<use introduction/FRET_AND_zero.pdf>
Package pdftex.def Info: introduction/FRET_AND_zero.pdf used on input line 298.

(pdftex.def)             Requested size: 433.62pt x 170.48431pt.
 [24 <./introduction/FRET_AND_zero.pdf>]
[25] [26] [27]
Overfull \hbox (4.06836pt too wide) detected at line 432
[] []\OT1/cmr/m/n/12 ([]\OMS/cmsy/m/n/12 j[]\OT1/cmr/m/n/12 ) = [] = []
 []


Overfull \hbox (25.92877pt too wide) in paragraph at lines 434--435
[]\OT1/cmr/m/n/12 we see that it is pos-si-ble to use a for-ward, gen-er-a-tive
 model of an ob-served dataset, $[]([]\OMS/cmsy/m/n/12 j[]\OT1/cmr/m/n/12 )$,
 []

[28] [29] [30] [31] [32] [33])
(/home/rebecca/Documents/repos/thesis/pyFRET/pyfret_chapter.tex [34]
Chapter 2.
[35

] <pyFRET/Fig1_schematic.pdf, id=1376, 411.46555pt x 283.10143pt>
File: pyFRET/Fig1_schematic.pdf Graphic file (type pdf)

<use pyFRET/Fig1_schematic.pdf>
Package pdftex.def Info: pyFRET/Fig1_schematic.pdf used on input line 22.
(pdftex.def)             Requested size: 361.34999pt x 248.63324pt.
 [36] [37 <./pyFRET/Fig1_schematic.pdf>]
[38]
Overfull \hbox (14.63976pt too wide) in paragraph at lines 69--70
 []\OT1/cmr/bx/n/12 Time-binned Data[] \OT1/cmr/m/n/12 In the most sim-ple sm-F
RET ex-per-i-ment, flu-o-res-cently la-belled molecules
 []

[39]
Overfull \hbox (6.73691pt too wide) in paragraph at lines 82--83
\OT1/cmr/m/n/12 Ex-ci-ta-tion (ALEX) dur-ing data ac-qui-si-tion. In this metho
d, the dif-fus-ing flu-o-res-cent molecules
 []

[40] [41] <pyFRET/workflow.pdf, id=1496, 1002.05176pt x 487.60593pt>
File: pyFRET/workflow.pdf Graphic file (type pdf)

<use pyFRET/workflow.pdf>
Package pdftex.def Info: pyFRET/workflow.pdf used on input line 108.
(pdftex.def)             Requested size: 433.62pt x 211.0057pt.

<pyFRET/6bp_example.pdf, id=1498, 583.03845pt x 512.69113pt>
File: pyFRET/6bp_example.pdf Graphic file (type pdf)

<use pyFRET/6bp_example.pdf>
Package pdftex.def Info: pyFRET/6bp_example.pdf used on input line 116.
(pdftex.def)             Requested size: 433.62pt x 381.30212pt.
 [42 <./pyFRET/workflow.pdf>] [43 <./pyFRET/6bp_example.pdf>] [44] [45] [46]
Overfull \hbox (11.47078pt too wide) in paragraph at lines 224--225
\OT1/cmr/m/n/12 A re-cent in-no-va-tion in con-fo-cal sm-FRET is Re-cur-rence A
nal-y-sis of Sin-gle Par-ti-cles (RASP) [[]].
 []

[47]
Overfull \hbox (10.47778pt too wide) in paragraph at lines 257--257
[]\OT1/cmr/bx/n/14.4 Benchmarking the Gaus-sian Fit-ting Us-ing Sim-u-lated Dat
asets 
 []

[48]
Overfull \hbox (35.28227pt too wide) in paragraph at lines 268--276
[][]
 []


Overfull \hbox (28.81392pt too wide) in paragraph at lines 282--294
[][]
 []

[49] [50] [51] <pyFRET/FRET_AND.pdf, id=2164, 824.79565pt x 420.42783pt>
File: pyFRET/FRET_AND.pdf Graphic file (type pdf)

<use pyFRET/FRET_AND.pdf>
Package pdftex.def Info: pyFRET/FRET_AND.pdf used on input line 338.
(pdftex.def)             Requested size: 433.62pt x 221.02943pt.

<pyFRET/FRET_ALEX.pdf, id=2166, 845.04686pt x 597.50786pt>
File: pyFRET/FRET_ALEX.pdf Graphic file (type pdf)

<use pyFRET/FRET_ALEX.pdf>
Package pdftex.def Info: pyFRET/FRET_ALEX.pdf used on input line 346.
(pdftex.def)             Requested size: 433.62pt x 306.60312pt.

<pyFRET/burst_search.pdf, id=2170, 3031.9793pt x 1627.26169pt>
File: pyFRET/burst_search.pdf Graphic file (type pdf)

<use pyFRET/burst_search.pdf>
Package pdftex.def Info: pyFRET/burst_search.pdf used on input line 358.
(pdftex.def)             Requested size: 433.62pt x 232.70659pt.

<pyFRET/Bp_vs_E.pdf, id=2172, 1798.72pt x 478.00066pt>
File: pyFRET/Bp_vs_E.pdf Graphic file (type pdf)

<use pyFRET/Bp_vs_E.pdf>
Package pdftex.def Info: pyFRET/Bp_vs_E.pdf used on input line 367.
(pdftex.def)             Requested size: 433.62pt x 115.23305pt.
 [52] [53 <./pyFRET/FRET_AND.pdf>] [54 <./pyFRET/FRET_ALEX.pdf>] <pyFRET/window
_effect.pdf, id=3737, 1782.66pt x 933.07237pt>
File: pyFRET/window_effect.pdf Graphic file (type pdf)

<use pyFRET/window_effect.pdf>
Package pdftex.def Info: pyFRET/window_effect.pdf used on input line 403.
(pdftex.def)             Requested size: 433.62pt x 226.9603pt.
 [55 <./pyFRET/burst_search.pdf> <./pyFRET/Bp_vs_E.pdf>] <pyFRET/heatmaps.pdf, 
id=6178, 1223.03679pt x 924.74623pt>
File: pyFRET/heatmaps.pdf Graphic file (type pdf)

<use pyFRET/heatmaps.pdf>
Package pdftex.def Info: pyFRET/heatmaps.pdf used on input line 413.
(pdftex.def)             Requested size: 433.62pt x 327.85684pt.
 [56] [57 <./pyFRET/window_effect.pdf>] [58 <./pyFRET/heatmaps.pdf>] <pyFRET/be
nchmarking.pdf, id=10498, 1180.41pt x 924.26917pt>
File: pyFRET/benchmarking.pdf Graphic file (type pdf)

<use pyFRET/benchmarking.pdf>
Package pdftex.def Info: pyFRET/benchmarking.pdf used on input line 428.
(pdftex.def)             Requested size: 433.62pt x 339.52028pt.

<pyFRET/ratios.pdf, id=10508, 1180.41pt x 936.30498pt>
File: pyFRET/ratios.pdf Graphic file (type pdf)
 <use pyFRET/ratios.pdf>
Package pdftex.def Info: pyFRET/ratios.pdf used on input line 440.
(pdftex.def)             Requested size: 433.62pt x 343.94151pt.

[59] [60 <./pyFRET/benchmarking.pdf>] [61 <./pyFRET/ratios.pdf>]
<pyFRET/RASP_performance.pdf, id=12594, 578.16pt x 433.62pt>
File: pyFRET/RASP_performance.pdf Graphic file (type pdf)

<use pyFRET/RASP_performance.pdf>
Package pdftex.def Info: pyFRET/RASP_performance.pdf used on input line 452.
(pdftex.def)             Requested size: 433.62pt x 325.2142pt.
 [62 <./pyFRET/RASP_performance.pdf>])
(/home/rebecca/Documents/repos/thesis/inference/inference_chapter.tex [63]
Chapter 3.
[64

] <inference/S1_diagram_scheme.pdf, id=12659, 404.712pt x 281.05pt>
File: inference/S1_diagram_scheme.pdf Graphic file (type pdf)

<use inference/S1_diagram_scheme.pdf>
Package pdftex.def Info: inference/S1_diagram_scheme.pdf used on input line 19.

(pdftex.def)             Requested size: 361.34999pt x 250.9485pt.
 [65] [66]
<inference/thresholding_idealised.pdf, id=12694, 1750.54pt x 459.32213pt>
File: inference/thresholding_idealised.pdf Graphic file (type pdf)

<use inference/thresholding_idealised.pdf>
Package pdftex.def Info: inference/thresholding_idealised.pdf used on input lin
e 40.
(pdftex.def)             Requested size: 433.62pt x 113.77194pt.

<inference/thresholding_real.pdf, id=12696, 1750.54pt x 459.32213pt>
File: inference/thresholding_real.pdf Graphic file (type pdf)

<use inference/thresholding_real.pdf>
Package pdftex.def Info: inference/thresholding_real.pdf used on input line 48.

(pdftex.def)             Requested size: 433.62pt x 113.77194pt.

<inference/thresholding_real_low.pdf, id=12698, 1750.54pt x 459.32213pt>
File: inference/thresholding_real_low.pdf Graphic file (type pdf)

<use inference/thresholding_real_low.pdf>
Package pdftex.def Info: inference/thresholding_real_low.pdf used on input line
 56.
(pdftex.def)             Requested size: 433.62pt x 113.77194pt.
 [67]
Overfull \hbox (1.26396pt too wide) in paragraph at lines 75--76
 []\OT1/cmr/bx/n/12 FRET Ef-fi-ciency Cal-cu-la-tion[] \OT1/cmr/m/n/12 Fol-low-
ing these event se-lec-tion and de-nois-ing steps, FRET
 []

[68] [69 <./inference/S1_diagram_scheme.pdf> <./inference/thresholding_idealise
d.pdf>] [70 <./inference/thresholding_real.pdf> <./inference/thresholding_real_
low.pdf>] [71

] [72]
Overfull \hbox (4.50822pt too wide) in paragraph at lines 151--152
\OT1/cmr/m/n/12 tics are well es-tab-lished for anal-y-sis of sm-FRET data col-
lected from im-mo-bilised molecules [[],
 []

[73] [74] <inference/fig1_intro_graphs.pdf, id=20031, 404.712pt x 281.05pt>
File: inference/fig1_intro_graphs.pdf Graphic file (type pdf)

<use inference/fig1_intro_graphs.pdf>
Package pdftex.def Info: inference/fig1_intro_graphs.pdf used on input line 198
.
(pdftex.def)             Requested size: 433.62pt x 301.14078pt.

<inference/fig2_model_flow_diagram.pdf, id=20033, 192.72pt x 192.72pt>
File: inference/fig2_model_flow_diagram.pdf Graphic file (type pdf)

<use inference/fig2_model_flow_diagram.pdf>
Package pdftex.def Info: inference/fig2_model_flow_diagram.pdf used on input li
ne 207.
(pdftex.def)             Requested size: 234.87749pt x 234.87689pt.

<inference/S2_plate_DAG_model.pdf, id=20035, 192.72pt x 144.54pt>
File: inference/S2_plate_DAG_model.pdf Graphic file (type pdf)

<use inference/S2_plate_DAG_model.pdf>
Package pdftex.def Info: inference/S2_plate_DAG_model.pdf used on input line 21
5.
(pdftex.def)             Requested size: 234.87749pt x 176.15767pt.
 [75

] [76 <./inference/fig1_intro_graphs.pdf>] [77 <./inference/fig2_model_flow_dia
gram.pdf>]
Overfull \hbox (0.79288pt too wide) in paragraph at lines 252--253
[]\OT1/cmr/m/n/12 Each molecule present may be in one of four la-belling states
: un-la-belled, donor-only, acceptor-
 []

[78] [79] [80]
<inference/marginal_distributions.pdf, id=32394, 845.04686pt x 385.44pt>
File: inference/marginal_distributions.pdf Graphic file (type pdf)

<use inference/marginal_distributions.pdf>
Package pdftex.def Info: inference/marginal_distributions.pdf used on input lin
e 304.
(pdftex.def)             Requested size: 433.62pt x 197.78336pt.
 [81] [82 <./inference/S2_plate_DAG_model.pdf>] [83 <./inference/marginal_distr
ibutions.pdf>] [84

]

LaTeX Font Warning: Command \footnotesize invalid in math mode on input line 33
9.


Overfull \hbox (4.60756pt too wide) in paragraph at lines 351--352
[]\OT1/cmr/m/n/12 where $(\OML/cmm/m/it/12 f[]; f[]\OT1/cmr/m/n/12 )[]$ is the 
$\OML/cmm/m/it/12 i$\OT1/cmr/m/n/12 th pair of ob-ser-va-tions in the dataset a
nd $[][[]]$, $[][[]]$,
 []

[85]

LaTeX Font Warning: Command \footnotesize invalid in math mode on input line 35
5.


LaTeX Font Warning: Command \footnotesize invalid in math mode on input line 36
5.


LaTeX Font Warning: Command \footnotesize invalid in math mode on input line 37
4.


LaTeX Font Warning: Command \footnotesize invalid in math mode on input line 39
3.


LaTeX Font Warning: Command \footnotesize invalid in math mode on input line 41
0.


LaTeX Font Warning: Command \footnotesize invalid in math mode on input line 41
0.

[86]

LaTeX Font Warning: Command \footnotesize invalid in math mode on input line 42
0.


LaTeX Font Warning: Command \footnotesize invalid in math mode on input line 42
0.


LaTeX Font Warning: Command \footnotesize invalid in math mode on input line 42
5.

LaTeX Font Info:    Calculating math sizes for size <> on input line 428.

LaTeX Font Warning: Font shape `OT1/cmr/m/n' in size <> not available
(Font)              size <5> substituted on input line 428.


LaTeX Font Warning: Font shape `OT1/cmr/m/n' in size <0.7> not available
(Font)              size <5> substituted on input line 428.


LaTeX Font Warning: Font shape `OT1/cmr/m/n' in size <0.5> not available
(Font)              size <5> substituted on input line 428.


LaTeX Font Warning: Font shape `OML/cmm/m/it' in size <> not available
(Font)              size <5> substituted on input line 428.


LaTeX Font Warning: Font shape `OML/cmm/m/it' in size <0.7> not available
(Font)              size <5> substituted on input line 428.


LaTeX Font Warning: Font shape `OML/cmm/m/it' in size <0.5> not available
(Font)              size <5> substituted on input line 428.


LaTeX Font Warning: Font shape `OMS/cmsy/m/n' in size <> not available
(Font)              size <5> substituted on input line 428.


LaTeX Font Warning: Font shape `OMS/cmsy/m/n' in size <0.7> not available
(Font)              size <5> substituted on input line 428.


LaTeX Font Warning: Font shape `OMS/cmsy/m/n' in size <0.5> not available
(Font)              size <5> substituted on input line 428.


LaTeX Font Warning: Command \footnotesize invalid in math mode on input line 44
9.


Overfull \hbox (3.15692pt too wide) detected at line 454
[][] []
 []

[87]

LaTeX Font Warning: Command \footnotesize invalid in math mode on input line 45
9.


LaTeX Font Warning: Command \footnotesize invalid in math mode on input line 46
7.

[88]
LaTeX Font Info:    Try loading font information for OMS+cmr on input line 488.

 (/usr/share/texlive/texmf-dist/tex/latex/base/omscmr.fd
File: omscmr.fd 1999/05/25 v2.5h Standard LaTeX font definitions
)
LaTeX Font Info:    Font shape `OMS/cmr/m/n' in size <12> not available
(Font)              Font shape `OMS/cmsy/m/n' tried instead on input line 488.
 [89]
Overfull \hbox (23.66783pt too wide) in paragraph at lines 504--505
\OT1/cmr/m/n/12 Python. Code is avail-able on-line ([]$\OT1/cmtt/m/n/12 https :
 / / bitbucket . org / rebecca _ roisin / fret-[]inference$[]\OT1/cmr/m/n/12 ).
 
 []

<inference/S3_samples_summary_rsep.pdf, id=34920, 578.16pt x 433.62pt>
File: inference/S3_samples_summary_rsep.pdf Graphic file (type pdf)

<use inference/S3_samples_summary_rsep.pdf>
Package pdftex.def Info: inference/S3_samples_summary_rsep.pdf used on input li
ne 514.
(pdftex.def)             Requested size: 361.34999pt x 271.01183pt.


LaTeX Warning: Command \r invalid in math mode on input line 526.

LaTeX Font Info:    Font shape `OMS/cmr/m/n' in size <8> not available
(Font)              Font shape `OMS/cmsy/m/n' tried instead on input line 537.
[90] [91 <./inference/S3_samples_summary_rsep.pdf>]
Overfull \hbox (5.14423pt too wide) in paragraph at lines 544--552
[][]
 []

[92] [93] [94] [95]
<inference/fig3_benchmark_synthetic.pdf, id=35005, 404.712pt x 232.87pt>
File: inference/fig3_benchmark_synthetic.pdf Graphic file (type pdf)

<use inference/fig3_benchmark_synthetic.pdf>
Package pdftex.def Info: inference/fig3_benchmark_synthetic.pdf used on input l
ine 626.
(pdftex.def)             Requested size: 433.62pt x 249.51665pt.

<inference/summary_threshold_E_population.pdf, id=35012, 597.50786pt x 845.0468
6pt>
File: inference/summary_threshold_E_population.pdf Graphic file (type pdf)
 <use inference/summary_threshold_E_population.pdf>
Package pdftex.def Info: inference/summary_threshold_E_population.pdf used on i
nput line 638.
(pdftex.def)             Requested size: 397.48499pt x 562.15543pt.


LaTeX Warning: Float too large for page by 37.15895pt on input line 642.

[96] [97 <./inference/fig3_benchmark_synthetic.pdf>] [98 <./inference/summary_t
hreshold_E_population.pdf>]
<inference/fig4_synthetic.pdf, id=35441, 404.712pt x 281.05pt>
File: inference/fig4_synthetic.pdf Graphic file (type pdf)

<use inference/fig4_synthetic.pdf>
Package pdftex.def Info: inference/fig4_synthetic.pdf used on input line 649.
(pdftex.def)             Requested size: 361.34999pt x 250.9485pt.

<inference/fig5_labelled_multi_fig.pdf, id=35443, 404.712pt x 289.08pt>
File: inference/fig5_labelled_multi_fig.pdf Graphic file (type pdf)

<use inference/fig5_labelled_multi_fig.pdf>
Package pdftex.def Info: inference/fig5_labelled_multi_fig.pdf used on input li
ne 659.
(pdftex.def)             Requested size: 433.62pt x 328.19603pt.
 [99] [100 <./inference/fig4_synthetic.pdf>] [101 <./inference/fig5_labelled_mu
lti_fig.pdf>]
<inference/fig6_single_ppltn.pdf, id=36133, 192.72pt x 144.54pt>
File: inference/fig6_single_ppltn.pdf Graphic file (type pdf)

<use inference/fig6_single_ppltn.pdf>
Package pdftex.def Info: inference/fig6_single_ppltn.pdf used on input line 697
.
(pdftex.def)             Requested size: 289.07999pt x 216.80943pt.
 [102] [103 <./inference/fig6_single_ppltn.pdf>] <inference/fig7_all_ratios.pdf
, id=36239, 404.712pt x 289.08pt>
File: inference/fig7_all_ratios.pdf Graphic file (type pdf)

<use inference/fig7_all_ratios.pdf>
Package pdftex.def Info: inference/fig7_all_ratios.pdf used on input line 712.
(pdftex.def)             Requested size: 361.34999pt x 258.11847pt.

<inference/poisson_vs_gp.pdf, id=36245, 1197.98236pt x 922.6505pt>
File: inference/poisson_vs_gp.pdf Graphic file (type pdf)

<use inference/poisson_vs_gp.pdf>
Package pdftex.def Info: inference/poisson_vs_gp.pdf used on input line 726.
(pdftex.def)             Requested size: 361.34999pt x 278.2896pt.
 [104] [105 <./inference/fig7_all_ratios.pdf>] [106 <./inference/poisson_vs_gp.
pdf>] [107] [108])
(/home/rebecca/Documents/repos/thesis/sizing/sizing_chapter.tex [109]
Chapter 4.
[110

] [111] <sizing/AmyloidMechanisms.jpg, id=40096, 963.6pt x 722.7pt>
File: sizing/AmyloidMechanisms.jpg Graphic file (type jpg)

<use sizing/AmyloidMechanisms.jpg>
Package pdftex.def Info: sizing/AmyloidMechanisms.jpg used on input line 37.
(pdftex.def)             Requested size: 433.62pt x 325.21199pt.
 [112] [113 <./sizing/AmyloidMechanisms.jpg>] <sizing/tht_fig.pdf, id=40134, 25
5.2676pt x 262.30281pt>
File: sizing/tht_fig.pdf Graphic file (type pdf)

<use sizing/tht_fig.pdf>
Package pdftex.def Info: sizing/tht_fig.pdf used on input line 48.
(pdftex.def)             Requested size: 289.07999pt x 297.06311pt.

Overfull \hbox (2.77115pt too wide) in paragraph at lines 59--59
[]\OT1/cmr/bx/n/14.4 The Re-la-tion-ship Be-tween Size and Pho-ton Emis-sion is
 Com-
 []

[114] [115 <./sizing/tht_fig.pdf>]
<sizing/holliday_junction.pdf, id=40180, 969.63457pt x 969.63414pt>
File: sizing/holliday_junction.pdf Graphic file (type pdf)

<use sizing/holliday_junction.pdf>
Package pdftex.def Info: sizing/holliday_junction.pdf used on input line 98.
(pdftex.def)             Requested size: 433.62pt x 433.60898pt.

<sizing/holliday_junction_labelling.pdf, id=40182, 2790.425pt x 2874.74pt>
File: sizing/holliday_junction_labelling.pdf Graphic file (type pdf)

<use sizing/holliday_junction_labelling.pdf>
Package pdftex.def Info: sizing/holliday_junction_labelling.pdf used on input l
ine 106.
(pdftex.def)             Requested size: 433.62pt x 446.7206pt.
 [116] [117 <./sizing/holliday_junction.pdf>] [118 <./sizing/holliday_junction_
labelling.pdf>]

LaTeX Warning: Reference `fig:oligomers' on page 119 undefined on input line 11
9.

[119]

Package natbib Warning: Citation `???' on page 120 undefined on input line 134.



Overfull \hbox (3.60442pt too wide) in paragraph at lines 144--144
[]\OT1/cmr/bx/n/14.4 A Gamma-Poisson Mix-ture Model of Oligomer Pho-ton Emis-
 []

[120] [121]
Overfull \hbox (11.12814pt too wide) in paragraph at lines 172--174
 []\OT1/cmr/bx/n/12 Holliday Junc-tion Prepa-ra-tion[] \OT1/cmr/m/it/12 Hol-l-i
-day Junc-tion pu-rifi-ca-tion was car-ried out by Vladimi-
 []


Overfull \hbox (10.14203pt too wide) in paragraph at lines 194--196
 []\OT1/cmr/bx/n/12 Holliday Junc-tion Pu-rifi-ca-tion[] \OT1/cmr/m/it/12 Hol-l
-i-day Junc-tion pu-rifi-ca-tion was car-ried out by Vladimi-
 []

[122] [123] [124] [125]
<sizing/poisson_size_photons.pdf, id=40265, 1172.38pt x 450.12453pt>
File: sizing/poisson_size_photons.pdf Graphic file (type pdf)

<use sizing/poisson_size_photons.pdf>
Package pdftex.def Info: sizing/poisson_size_photons.pdf used on input line 236
.
(pdftex.def)             Requested size: 433.62pt x 166.48164pt.

<sizing/True_vs_Measured_oligomer_events_uniform_poisson_100000_hist.pdf, id=40
267, 578.16pt x 433.62pt>
File: sizing/True_vs_Measured_oligomer_events_uniform_poisson_100000_hist.pdf G
raphic file (type pdf)

<use sizing/True_vs_Measured_oligomer_events_uniform_poisson_100000_hist.pdf>
Package pdftex.def Info: sizing/True_vs_Measured_oligomer_events_uniform_poisso
n_100000_hist.pdf used on input line 245.
(pdftex.def)             Requested size: 433.62pt x 325.2142pt.

[126] [127 <./sizing/poisson_size_photons.pdf> <./sizing/True_vs_Measured_oligo
mer_events_uniform_poisson_100000_hist.pdf>]
<sizing/gamma_poisson_size_photons.pdf, id=40384, 1172.38pt x 449.68pt>
File: sizing/gamma_poisson_size_photons.pdf Graphic file (type pdf)

<use sizing/gamma_poisson_size_photons.pdf>
Package pdftex.def Info: sizing/gamma_poisson_size_photons.pdf used on input li
ne 255.
(pdftex.def)             Requested size: 433.62pt x 166.31723pt.

<sizing/True_vs_Measured_oligomer_events_uniform_100000_hist.pdf, id=40386, 578
.16pt x 433.62pt>
File: sizing/True_vs_Measured_oligomer_events_uniform_100000_hist.pdf Graphic f
ile (type pdf)

<use sizing/True_vs_Measured_oligomer_events_uniform_100000_hist.pdf>
Package pdftex.def Info: sizing/True_vs_Measured_oligomer_events_uniform_100000
_hist.pdf used on input line 263.
(pdftex.def)             Requested size: 433.62pt x 325.2142pt.
 [128 <./sizing/gamma_poisson_size_photons.pdf>] [129 <./sizing/True_vs_Measure
d_oligomer_events_uniform_100000_hist.pdf>] [130]
Overfull \hbox (3.03406pt too wide) in paragraph at lines 282--283
[]\OT1/cmr/m/n/12 This com-par-i-son raises two im-por-tant points. Firstly, th
e emis-sion be-haviour of our oligomeric
 []

<sizing/Holliday_Junctions.pdf, id=40512, 578.16pt x 433.62pt>
File: sizing/Holliday_Junctions.pdf Graphic file (type pdf)

<use sizing/Holliday_Junctions.pdf>
Package pdftex.def Info: sizing/Holliday_Junctions.pdf used on input line 288.
(pdftex.def)             Requested size: 433.62pt x 325.2142pt.

<sizing/poisson_oligomers_log.pdf, id=40514, 578.16pt x 433.62pt>
File: sizing/poisson_oligomers_log.pdf Graphic file (type pdf)

<use sizing/poisson_oligomers_log.pdf>
Package pdftex.def Info: sizing/poisson_oligomers_log.pdf used on input line 29
6.
(pdftex.def)             Requested size: 433.62pt x 325.2142pt.

<sizing/gamma_poisson_oligomers_log.pdf, id=40516, 578.16pt x 433.62pt>
File: sizing/gamma_poisson_oligomers_log.pdf Graphic file (type pdf)

<use sizing/gamma_poisson_oligomers_log.pdf>
Package pdftex.def Info: sizing/gamma_poisson_oligomers_log.pdf used on input l
ine 305.
(pdftex.def)             Requested size: 433.62pt x 325.2142pt.

Overfull \hbox (1.2029pt too wide) in paragraph at lines 311--311
[]\OT1/cmr/bx/n/14.4 Inferring Event Bright-ness Us-ing the Gamma-Poisson Model
 
 []


LaTeX Warning: Reference `tab:inferred_values' on page 131 undefined on input l
ine 314.


Overfull \hbox (9.89694pt too wide) in paragraph at lines 314--315
[]\OT1/cmr/m/n/12 We sim-u-lated four datasets, con-sist-ing of oligomers of kn
own size (from monomers to tetramers)
 []

[131] [132 <./sizing/Holliday_Junctions.pdf>] [133 <./sizing/poisson_oligomers_
log.pdf>] [134 <./sizing/gamma_poisson_oligomers_log.pdf>]
<sizing/divergence.pdf, id=40642, 578.16pt x 433.62pt>
File: sizing/divergence.pdf Graphic file (type pdf)

<use sizing/divergence.pdf>
Package pdftex.def Info: sizing/divergence.pdf used on input line 357.
(pdftex.def)             Requested size: 433.62pt x 325.2142pt.

<sizing/oligomer_marginals.pdf, id=40644, 1172.38pt x 494.73425pt>
File: sizing/oligomer_marginals.pdf Graphic file (type pdf)

<use sizing/oligomer_marginals.pdf>
Package pdftex.def Info: sizing/oligomer_marginals.pdf used on input line 365.
(pdftex.def)             Requested size: 433.62pt x 182.98087pt.
 [135] [136 <./sizing/divergence.pdf>]
<sizing/Convergence.pdf, id=40694, 578.16pt x 433.62pt>
File: sizing/Convergence.pdf Graphic file (type pdf)

<use sizing/Convergence.pdf>
Package pdftex.def Info: sizing/Convergence.pdf used on input line 379.
(pdftex.def)             Requested size: 433.62pt x 325.2142pt.
 [137 <./sizing/oligomer_marginals.pdf>] [138 <./sizing/Convergence.pdf>]
<sizing/HJ_overlays.pdf, id=41567, 1172.38pt x 491.21931pt>
File: sizing/HJ_overlays.pdf Graphic file (type pdf)

<use sizing/HJ_overlays.pdf>
Package pdftex.def Info: sizing/HJ_overlays.pdf used on input line 392.
(pdftex.def)             Requested size: 433.62pt x 181.68083pt.


LaTeX Warning: Reference `tab:vary_Rblue' on page 139 undefined on input line 3
98.

[139 <./sizing/HJ_overlays.pdf>]
<sizing/varying_R_blue.pdf, id=41598, 578.16pt x 433.62pt>
File: sizing/varying_R_blue.pdf Graphic file (type pdf)

<use sizing/varying_R_blue.pdf>
Package pdftex.def Info: sizing/varying_R_blue.pdf used on input line 405.
(pdftex.def)             Requested size: 433.62pt x 325.2142pt.

<sizing/vary_Rblue.pdf, id=41600, 1186.0529pt x 898.68573pt>
File: sizing/vary_Rblue.pdf Graphic file (type pdf)

<use sizing/vary_Rblue.pdf>
Package pdftex.def Info: sizing/vary_Rblue.pdf used on input line 413.
(pdftex.def)             Requested size: 433.62pt x 328.55922pt.
 [140] [141 <./sizing/varying_R_blue.pdf>] [142 <./sizing/vary_Rblue.pdf>]

LaTeX Warning: Reference `fig:photobleaching' on page 143 undefined on input li
ne 445.


LaTeX Warning: Reference `tab:photobleaching' on page 143 undefined on input li
ne 445.


LaTeX Warning: Reference `fig:blinking' on page 143 undefined on input line 445
.


Package natbib Warning: Citation `blinking' on page 143 undefined on input line
 445.


LaTeX Warning: Reference `A1_blinking_video' on page 143 undefined on input lin
e 445.

[143] [144] <sizing/fluorone.pdf, id=43498, 350.43507pt x 629.15048pt>
File: sizing/fluorone.pdf Graphic file (type pdf)

<use sizing/fluorone.pdf>
Package pdftex.def Info: sizing/fluorone.pdf used on input line 461.
(pdftex.def)             Requested size: 289.07999pt x 519.03635pt.
)
(/home/rebecca/Documents/repos/thesis/illumina/illumina_chapter.tex [145]
[146 <./sizing/fluorone.pdf>] [147]
Chapter 5.
[148

] <illumina/sanger.pdf, id=43543, 1712.45473pt x 1551.40994pt>
File: illumina/sanger.pdf Graphic file (type pdf)

<use illumina/sanger.pdf>
Package pdftex.def Info: illumina/sanger.pdf used on input line 16.
(pdftex.def)             Requested size: 375.80544pt x 340.45903pt.


LaTeX Warning: Reference `fig:terminator' on page 149 undefined on input line 2
2.

[149] [150 <./illumina/sanger.pdf>]
<illumina/illumina_sequencing.jpg, id=43576, 216.81pt x 204.16275pt>
File: illumina/illumina_sequencing.jpg Graphic file (type jpg)

<use illumina/illumina_sequencing.jpg>
Package pdftex.def Info: illumina/illumina_sequencing.jpg used on input line 27
.
(pdftex.def)             Requested size: 375.80544pt x 353.92879pt.

Overfull \hbox (15.01875pt too wide) in paragraph at lines 33--34
 []\OT1/cmr/bx/n/12 Single Molecule Se-quenc-ing Tech-nolo-gies[] \OT1/cmr/m/n/
12 Al-though Il-lu-mina does not use sin-gle molecule
 []

[151] [152 <./illumina/illumina_sequencing.jpg>]

Package natbib Warning: Citation `Compeau2011' on page 153 undefined on input l
ine 42.

[153] <illumina/de_bruijn.pdf, id=43621, 1313.68893pt x 542.33794pt>
File: illumina/de_bruijn.pdf Graphic file (type pdf)

<use illumina/de_bruijn.pdf>
Package pdftex.def Info: illumina/de_bruijn.pdf used on input line 48.
(pdftex.def)             Requested size: 375.80544pt x 155.14719pt.


Package natbib Warning: Citation `Compeau2011' on page 154 undefined on input l
ine 49.


Package natbib Warning: Citation `Compeau2011' on page 154 undefined on input l
ine 49.


LaTeX Warning: Reference `fig:tangle' on page 154 undefined on input line 56.

[154 <./illumina/de_bruijn.pdf>]

Package natbib Warning: Citation `zerbino2008' on page 155 undefined on input l
ine 68.

[155] [156] <illumina/fig1_nxrepair.pdf, id=43684, 864.48692pt x 277.08688pt>
File: illumina/fig1_nxrepair.pdf Graphic file (type pdf)

<use illumina/fig1_nxrepair.pdf>
Package pdftex.def Info: illumina/fig1_nxrepair.pdf used on input line 80.
(pdftex.def)             Requested size: 375.80544pt x 120.4557pt.
 [157 <./illumina/fig1_nxrepair.pdf>] [158

]
[159] <illumina/spanning.pdf, id=44991, 1430.30577pt x 308.13841pt>
File: illumina/spanning.pdf Graphic file (type pdf)

<use illumina/spanning.pdf>
Package pdftex.def Info: illumina/spanning.pdf used on input line 138.
(pdftex.def)             Requested size: 375.80544pt x 80.96042pt.
 [160 <./illumina/spanning.pdf>] [161] [162]

Package natbib Warning: Citation `gurevich2013' on page 163 undefined on input 
line 197.

[163] <illumina/allROC.pdf, id=45056, 578.16pt x 433.62pt>
File: illumina/allROC.pdf Graphic file (type pdf)

<use illumina/allROC.pdf>
Package pdftex.def Info: illumina/allROC.pdf used on input line 218.
(pdftex.def)             Requested size: 375.80544pt x 281.84966pt.
 [164 <./illumina/allROC.pdf>]

Package natbib Warning: Citation `gurevich2013' on page 165 undefined on input 
line 230.


Overfull \hbox (48.94524pt too wide) in paragraph at lines 238--239
[]\OT1/cmtt/m/n/12 bwa mem sample/scaffolds.fasta -p bacteria.fastq.gz | samtoo
ls view -bS - | samtools
 []


Overfull \hbox (64.01224pt too wide) in paragraph at lines 244--245
[]\OT1/cmtt/m/n/12 python nxrepair.py sample.bam sample/scaffolds.fasta sample[
]scores.csv sample[]new.fasta
 []


Underfull \hbox (badness 1472) in paragraph at lines 258--259
[]\OT1/cmr/m/n/12 Prior prob-a-bil-ity that the in-sert size is
 []


Package natbib Warning: Citation `gurevich2013' on page 165 undefined on input 
line 268.

[165] [166]

Package natbib Warning: Citation `gurevich2013' on page 167 undefined on input 
line 272.

[167]

LaTeX Warning: No positions in optional float specifier.
               Default added (so using `tbp') on input line 282.

[168]

LaTeX Warning: `h' float specifier changed to `ht'.


LaTeX Warning: No positions in optional float specifier.
               Default added (so using `tbp') on input line 382.

) (/home/rebecca/Documents/repos/thesis/conclusions/conclusions.tex [169]
[170] [171] [172]
Chapter 6.
[173

] [174] [175] [176] [177]) (./thesis.bbl [178] [179

] [180] [181] [182]
Missing character: There is no Ã in font cmr12!
Missing character: There is no ¶ in font cmr12!

[183] [184]
Missing character: There is no â in font cmr12!
Missing character: There is no € in font cmr12!
Missing character: There is no   in font cmr12!
Missing character: There is no Ã in font cmr12!
Missing character: There is no ¶ in font cmr12!

Underfull \hbox (badness 6268) in paragraph at lines 454--457
[]\OT1/cmr/m/n/12 B. Schuler.  Single-molecule flu-o-res-cence spec-troscopy of
 pro-tein fold-ing.
 []

[185]
Missing character: There is no â in font cmr12!
Missing character: There is no € in font cmr12!
Missing character: There is no “ in font cmr12!
 [186] [187]
Missing character: There is no â in font cmr12!
Missing character: There is no € in font cmr12!
Missing character: There is no ™ in font cmr12!
Missing character: There is no â in font cmr12!
Missing character: There is no € in font cmr12!
Missing character: There is no ™ in font cmr12!
 [188]
Missing character: There is no Î in font cmr12!
Missing character: There is no ± in font cmr12!
Missing character: There is no Î in font cmr12!
Missing character: There is no ² in font cmr12!
 [189]
Missing character: There is no Î in font cmr12!
Missing character: There is no ² in font cmr12!
Missing character: There is no Î in font cmr12!
Missing character: There is no ² in font cmr12!
Missing character: There is no Î in font cmr12!
Missing character: There is no ± in font cmr12!
 [190]
Missing character: There is no â in font cmr12!
Missing character: There is no € in font cmr12!
Missing character: There is no ™ in font cmr12!
 [191] [192] [193] [194]
Missing character: There is no Ã in font cmr12!
Missing character: There is no § in font cmr12!
 [195])

Package natbib Warning: There were undefined citations.

Package atveryend Info: Empty hook `BeforeClearDocument' on input line 101.
[196]
Package atveryend Info: Empty hook `AfterLastShipout' on input line 101.
 (./thesis.aux)
Package atveryend Info: Executing hook `AtVeryEndDocument' on input line 101.
Package atveryend Info: Executing hook `AtEndAfterFileList' on input line 101.
Package rerunfilecheck Info: File `thesis.out' has not changed.
(rerunfilecheck)             Checksum: 5C653324BD8120B4F8D2CD814B43992C;8969.


LaTeX Font Warning: Size substitutions with differences
(Font)              up to 4.5pt have occurred.


LaTeX Warning: There were undefined references.


LaTeX Warning: There were multiply-defined labels.

Package atveryend Info: Empty hook `AtVeryVeryEnd' on input line 101.
 ) 
Here is how much of TeX's memory you used:
 10446 strings out of 495028
 154943 string characters out of 6181496
 288215 words of memory out of 5000000
 12636 multiletter control sequences out of 15000+600000
 17861 words of font info for 70 fonts, out of 8000000 for 9000
 14 hyphenation exceptions out of 8191
 29i,16n,40p,3281b,1733s stack positions out of 5000i,500n,10000p,200000b,80000s
</usr/share/texlive/texmf-dist/fonts/type1/public/amsfonts/cm/cmbx10.pfb></us
r/share/texlive/texmf-dist/fonts/type1/public/amsfonts/cm/cmbx12.pfb></usr/shar
e/texlive/texmf-dist/fonts/type1/public/amsfonts/cm/cmbx8.pfb></usr/share/texli
ve/texmf-dist/fonts/type1/public/amsfonts/cm/cmbxti10.pfb></usr/share/texlive/t
exmf-dist/fonts/type1/public/amsfonts/cm/cmex10.pfb></usr/share/texlive/texmf-d
ist/fonts/type1/public/amsfonts/cm/cmmi10.pfb></usr/share/texlive/texmf-dist/fo
nts/type1/public/amsfonts/cm/cmmi12.pfb></usr/share/texlive/texmf-dist/fonts/ty
pe1/public/amsfonts/cm/cmmi5.pfb></usr/share/texlive/texmf-dist/fonts/type1/pub
lic/amsfonts/cm/cmmi6.pfb></usr/share/texlive/texmf-dist/fonts/type1/public/ams
fonts/cm/cmmi7.pfb></usr/share/texlive/texmf-dist/fonts/type1/public/amsfonts/c
m/cmmi8.pfb></usr/share/texlive/texmf-dist/fonts/type1/public/amsfonts/cm/cmr10
.pfb></usr/share/texlive/texmf-dist/fonts/type1/public/amsfonts/cm/cmr12.pfb></
usr/share/texlive/texmf-dist/fonts/type1/public/amsfonts/cm/cmr17.pfb></usr/sha
re/texlive/texmf-dist/fonts/type1/public/amsfonts/cm/cmr6.pfb></usr/share/texli
ve/texmf-dist/fonts/type1/public/amsfonts/cm/cmr7.pfb></usr/share/texlive/texmf
-dist/fonts/type1/public/amsfonts/cm/cmr8.pfb></usr/share/texlive/texmf-dist/fo
nts/type1/public/amsfonts/cm/cmsy10.pfb></usr/share/texlive/texmf-dist/fonts/ty
pe1/public/amsfonts/cm/cmsy7.pfb></usr/share/texlive/texmf-dist/fonts/type1/pub
lic/amsfonts/cm/cmsy8.pfb></usr/share/texlive/texmf-dist/fonts/type1/public/ams
fonts/cm/cmti12.pfb></usr/share/texlive/texmf-dist/fonts/type1/public/amsfonts/
cm/cmtt10.pfb></usr/share/texlive/texmf-dist/fonts/type1/public/amsfonts/cm/cmt
t12.pfb>
Output written on thesis.pdf (198 pages, 10157247 bytes).
PDF statistics:
 45545 PDF objects out of 45951 (max. 8388607)
 30629 compressed objects within 307 object streams
 801 named destinations out of 1000 (max. 500000)
 1478 words of extra memory for PDF output out of 10000 (max. 10000000)

